<?xml version="1.0" encoding="UTF-8"?>
<!-- Generated by org.testng.reporters.JUnitXMLReporter -->
<testsuite ignored="0" hostname="DESKTOP-UVCNVNR" failures="1" tests="7" name="logincases" time="72.494" errors="0" timestamp="2024-05-04T07:54:36 IST">
  <testcase classname="Testbasics.assign5" name="verifysearch" time="0.68"/>
  <testcase classname="Testbasics.assign5" name="verifysearch" time="1.01"/>
  <testcase classname="Testbasics.assign5" name="verifysearch" time="0.72"/>
  <testcase classname="Testbasics.assign5" name="verifysearch" time="0.856"/>
  <testcase classname="Testbasics.assign5" name="verifysearch" time="1.604">
    <failure type="java.lang.AssertionError" message="The following asserts failed:
	expected [No matching records found] but found [Hari]">
      <![CDATA[java.lang.AssertionError: The following asserts failed:
expected [No matching records found] but found [Hari]
at Testbasics.assign5.verifysearch(assign5.java:43)
at java.base/java.util.ArrayList.forEach(ArrayList.java:1511)
... Removed 29 stack frames]]>
    </failure>
  </testcase> <!-- verifysearch -->
  <testcase classname="Testbasics.Assign6" name="verifyform_fill" time="1.833"/>
  <testcase classname="Testbasics.Assign6" name="verifyform_fill" time="1.268"/>
</testsuite> <!-- logincases -->
